  [4;36;1mSQL (0.0ms)[0m   [0;1mSET NAMES 'utf8'[0m
  [4;35;1mSQL (0.0ms)[0m   [0mSET SQL_AUTO_IS_NULL=0[0m
  [4;36;1mSQL (0.0ms)[0m   [0;1mSHOW TABLES[0m
  [4;35;1mSQL (62.5ms)[0m   [0mCREATE TABLE `schema_migrations` (`version` varchar(255) NOT NULL) ENGINE=InnoDB[0m
  [4;36;1mSQL (250.0ms)[0m   [0;1mCREATE UNIQUE INDEX `unique_schema_migrations` ON `schema_migrations` (`version`)[0m
  [4;35;1mSQL (0.0ms)[0m   [0mSHOW TABLES[0m
  [4;36;1mSQL (0.0ms)[0m   [0;1mSELECT version FROM schema_migrations[0m
Migrating to CreateUsers (20111003202250)
  [4;35;1mSQL (0.0ms)[0m   [0mSHOW TABLES[0m
  [4;36;1mSQL (93.8ms)[0m   [0;1mCREATE TABLE `users` (`id` int(11) DEFAULT NULL auto_increment PRIMARY KEY, `login` varchar(40), `name` varchar(100) DEFAULT '', `email` varchar(100), `crypted_password` varchar(40), `salt` varchar(40), `created_at` datetime, `updated_at` datetime, `remember_token` varchar(40), `remember_token_expires_at` datetime, `first_name` varchar(255), `last_name` varchar(255), `gender` varchar(255), `street` varchar(255), `city` varchar(255), `state` varchar(255), `zip` varchar(255)) ENGINE=InnoDB[0m
  [4;35;1mSQL (171.9ms)[0m   [0mCREATE UNIQUE INDEX `index_users_on_login` ON `users` (`login`)[0m
  [4;36;1mSQL (31.2ms)[0m   [0;1mINSERT INTO schema_migrations (version) VALUES ('20111003202250')[0m
  [4;35;1mSQL (0.0ms)[0m   [0mSHOW TABLES[0m
  [4;36;1mSQL (0.0ms)[0m   [0;1mSELECT version FROM schema_migrations[0m
  [4;35;1mSQL (0.0ms)[0m   [0mSHOW TABLES[0m
  [4;36;1mSQL (62.5ms)[0m   [0;1mSHOW FIELDS FROM `users`[0m
  [4;35;1mSQL (0.0ms)[0m   [0mdescribe `users`[0m
  [4;36;1mSQL (0.0ms)[0m   [0;1mSHOW KEYS FROM `users`[0m
  [4;36;1mSQL (0.0ms)[0m   [0;1mSET NAMES 'utf8'[0m
  [4;35;1mSQL (0.0ms)[0m   [0mSET SQL_AUTO_IS_NULL=0[0m
  [4;36;1mSQL (93.8ms)[0m   [0;1mSHOW TABLES[0m
  [4;35;1mSQL (15.6ms)[0m   [0mSELECT version FROM schema_migrations[0m
Migrating to CreateUsers (20111003202250)
Migrating to CreateAvatars (20111006124844)
  [4;36;1mSQL (140.6ms)[0m   [0;1mCREATE TABLE `avatars` (`id` int(11) DEFAULT NULL auto_increment PRIMARY KEY, `user_id` int(11), `parent_id` int(11), `content_type` varchar(255), `filename` varchar(255), `thumbnail` varchar(255), `size` int(11), `width` int(11), `height` int(11), `created_at` datetime, `updated_at` datetime) ENGINE=InnoDB[0m
  [4;35;1mSQL (46.9ms)[0m   [0mINSERT INTO schema_migrations (version) VALUES ('20111006124844')[0m
Migrating to CreateDetails (20111007105837)
  [4;36;1mSQL (78.1ms)[0m   [0;1mCREATE TABLE `details` (`id` int(11) DEFAULT NULL auto_increment PRIMARY KEY, `user_id` int(11), `headline` varchar(255), `about_me` text, `like_to_meet` text, `interests` text, `music` text, `movies` text, `television` text, `books` text, `created_at` datetime, `updated_at` datetime) ENGINE=InnoDB[0m
  [4;35;1mSQL (15.6ms)[0m   [0mINSERT INTO schema_migrations (version) VALUES ('20111007105837')[0m
  [4;36;1mSQL (0.0ms)[0m   [0;1mSHOW TABLES[0m
  [4;35;1mSQL (0.0ms)[0m   [0mSELECT version FROM schema_migrations[0m
  [4;36;1mSQL (0.0ms)[0m   [0;1mSHOW TABLES[0m
  [4;35;1mSQL (0.0ms)[0m   [0mSHOW FIELDS FROM `avatars`[0m
  [4;36;1mSQL (15.6ms)[0m   [0;1mdescribe `avatars`[0m
  [4;35;1mSQL (0.0ms)[0m   [0mSHOW KEYS FROM `avatars`[0m
  [4;36;1mSQL (0.0ms)[0m   [0;1mSHOW FIELDS FROM `details`[0m
  [4;35;1mSQL (15.6ms)[0m   [0mdescribe `details`[0m
  [4;36;1mSQL (15.6ms)[0m   [0;1mSHOW KEYS FROM `details`[0m
  [4;35;1mSQL (0.0ms)[0m   [0mSHOW FIELDS FROM `users`[0m
  [4;36;1mSQL (0.0ms)[0m   [0;1mdescribe `users`[0m
  [4;35;1mSQL (0.0ms)[0m   [0mSHOW KEYS FROM `users`[0m
  [4;36;1mSQL (0.0ms)[0m   [0;1mSET NAMES 'utf8'[0m
  [4;35;1mSQL (0.0ms)[0m   [0mSET SQL_AUTO_IS_NULL=0[0m
  [4;36;1mUser Columns (46.9ms)[0m   [0;1mSHOW FIELDS FROM `users`[0m
WARNING: Can't mass-assign these protected attributes: city, zip, gender, street, first_name, last_name, state
  [4;35;1mSQL (0.0ms)[0m   [0mBEGIN[0m
  [4;36;1mUser Load (0.0ms)[0m   [0;1mSELECT `users`.id FROM `users` WHERE (`users`.`login` = BINARY 'ealameda') LIMIT 1[0m
  [4;35;1mUser Load (0.0ms)[0m   [0mSELECT `users`.id FROM `users` WHERE (`users`.`email` = BINARY 'ealameda@email.com') LIMIT 1[0m
  [4;36;1mSQL (0.0ms)[0m   [0;1mROLLBACK[0m
  [4;35;1mDetail Columns (0.0ms)[0m   [0mSHOW FIELDS FROM `details`[0m
  [4;36;1mSQL (0.0ms)[0m   [0;1mBEGIN[0m
  [4;35;1mUser Load (0.0ms)[0m   [0mSELECT `users`.id FROM `users` WHERE (`users`.`login` = BINARY 'ealameda') LIMIT 1[0m
  [4;36;1mUser Load (0.0ms)[0m   [0;1mSELECT `users`.id FROM `users` WHERE (`users`.`email` = BINARY 'ealameda@email.com') LIMIT 1[0m
  [4;35;1mSQL (0.0ms)[0m   [0mROLLBACK[0m
  [4;36;1mSQL (0.0ms)[0m   [0;1mSET NAMES 'utf8'[0m
  [4;35;1mSQL (0.0ms)[0m   [0mSET SQL_AUTO_IS_NULL=0[0m


Processing ApplicationController#index (for 127.0.0.1 at 2011-10-07 20:21:54) [GET]

ActionController::RoutingError (No route matches "/user/register" with {:method=>:get}):
  C:/Ruby186/lib/ruby/1.8/webrick/httpserver.rb:104:in `service'
  C:/Ruby186/lib/ruby/1.8/webrick/httpserver.rb:65:in `run'
  C:/Ruby186/lib/ruby/1.8/webrick/server.rb:173:in `start_thread'
  C:/Ruby186/lib/ruby/1.8/webrick/server.rb:162:in `start'
  C:/Ruby186/lib/ruby/1.8/webrick/server.rb:162:in `start_thread'
  C:/Ruby186/lib/ruby/1.8/webrick/server.rb:95:in `start'
  C:/Ruby186/lib/ruby/1.8/webrick/server.rb:92:in `each'
  C:/Ruby186/lib/ruby/1.8/webrick/server.rb:92:in `start'
  C:/Ruby186/lib/ruby/1.8/webrick/server.rb:23:in `start'
  C:/Ruby186/lib/ruby/1.8/webrick/server.rb:82:in `start'

Rendering rescues/layout (not_found)
  [4;36;1mSQL (0.0ms)[0m   [0;1mSET NAMES 'utf8'[0m
  [4;35;1mSQL (0.0ms)[0m   [0mSET SQL_AUTO_IS_NULL=0[0m


Processing ApplicationController#index (for 127.0.0.1 at 2011-10-07 20:22:05) [GET]

ActionController::RoutingError (No route matches "/user/signup" with {:method=>:get}):
  C:/Ruby186/lib/ruby/1.8/webrick/httpserver.rb:104:in `service'
  C:/Ruby186/lib/ruby/1.8/webrick/httpserver.rb:65:in `run'
  C:/Ruby186/lib/ruby/1.8/webrick/server.rb:173:in `start_thread'
  C:/Ruby186/lib/ruby/1.8/webrick/server.rb:162:in `start'
  C:/Ruby186/lib/ruby/1.8/webrick/server.rb:162:in `start_thread'
  C:/Ruby186/lib/ruby/1.8/webrick/server.rb:95:in `start'
  C:/Ruby186/lib/ruby/1.8/webrick/server.rb:92:in `each'
  C:/Ruby186/lib/ruby/1.8/webrick/server.rb:92:in `start'
  C:/Ruby186/lib/ruby/1.8/webrick/server.rb:23:in `start'
  C:/Ruby186/lib/ruby/1.8/webrick/server.rb:82:in `start'

Rendering rescues/layout (not_found)
  [4;36;1mSQL (0.0ms)[0m   [0;1mSET NAMES 'utf8'[0m
  [4;35;1mSQL (0.0ms)[0m   [0mSET SQL_AUTO_IS_NULL=0[0m


Processing ApplicationController#index (for 127.0.0.1 at 2011-10-07 20:23:00) [GET]

ActionController::RoutingError (No route matches "/user/login" with {:method=>:get}):
  C:/Ruby186/lib/ruby/1.8/webrick/httpserver.rb:104:in `service'
  C:/Ruby186/lib/ruby/1.8/webrick/httpserver.rb:65:in `run'
  C:/Ruby186/lib/ruby/1.8/webrick/server.rb:173:in `start_thread'
  C:/Ruby186/lib/ruby/1.8/webrick/server.rb:162:in `start'
  C:/Ruby186/lib/ruby/1.8/webrick/server.rb:162:in `start_thread'
  C:/Ruby186/lib/ruby/1.8/webrick/server.rb:95:in `start'
  C:/Ruby186/lib/ruby/1.8/webrick/server.rb:92:in `each'
  C:/Ruby186/lib/ruby/1.8/webrick/server.rb:92:in `start'
  C:/Ruby186/lib/ruby/1.8/webrick/server.rb:23:in `start'
  C:/Ruby186/lib/ruby/1.8/webrick/server.rb:82:in `start'

Rendering rescues/layout (not_found)
  [4;36;1mSQL (0.0ms)[0m   [0;1mSET NAMES 'utf8'[0m
  [4;35;1mSQL (0.0ms)[0m   [0mSET SQL_AUTO_IS_NULL=0[0m


Processing SessionsController#new (for 127.0.0.1 at 2011-10-07 20:23:07) [GET]
Rendering template within layouts/application
Rendering sessions/new

ActionView::TemplateError (session_url failed to generate from {:action=>"show", :controller=>"sessions"} - you may have ambiguous routes, or you may need to supply additional parameters for this route.  content_url has the following required parameters: ["sessions", :id] - are they all satisfied?) on line #3 of app/views/sessions/new.html.erb:
1: <h1>Log In</h1>
2: 
3: <% form_tag session_path do -%>
4: <p><%= label_tag 'login' %><br />
5: <%= text_field_tag 'login', @login %></p>
6: 

    (eval):16:in `session_path'
    app/views/sessions/new.html.erb:3
    C:/Ruby186/lib/ruby/1.8/webrick/httpserver.rb:104:in `service'
    C:/Ruby186/lib/ruby/1.8/webrick/httpserver.rb:65:in `run'
    C:/Ruby186/lib/ruby/1.8/webrick/server.rb:173:in `start_thread'
    C:/Ruby186/lib/ruby/1.8/webrick/server.rb:162:in `start'
    C:/Ruby186/lib/ruby/1.8/webrick/server.rb:162:in `start_thread'
    C:/Ruby186/lib/ruby/1.8/webrick/server.rb:95:in `start'
    C:/Ruby186/lib/ruby/1.8/webrick/server.rb:92:in `each'
    C:/Ruby186/lib/ruby/1.8/webrick/server.rb:92:in `start'
    C:/Ruby186/lib/ruby/1.8/webrick/server.rb:23:in `start'
    C:/Ruby186/lib/ruby/1.8/webrick/server.rb:82:in `start'

Rendered rescues/_trace (46.9ms)
Rendered rescues/_request_and_response (0.0ms)
Rendering rescues/layout (internal_server_error)
  [4;36;1mSQL (0.0ms)[0m   [0;1mSET NAMES 'utf8'[0m
  [4;35;1mSQL (0.0ms)[0m   [0mSET SQL_AUTO_IS_NULL=0[0m


Processing ApplicationController#index (for 127.0.0.1 at 2011-10-07 20:23:43) [GET]

ActionController::RoutingError (No route matches "/luser/new" with {:method=>:get}):
  C:/Ruby186/lib/ruby/1.8/webrick/httpserver.rb:104:in `service'
  C:/Ruby186/lib/ruby/1.8/webrick/httpserver.rb:65:in `run'
  C:/Ruby186/lib/ruby/1.8/webrick/server.rb:173:in `start_thread'
  C:/Ruby186/lib/ruby/1.8/webrick/server.rb:162:in `start'
  C:/Ruby186/lib/ruby/1.8/webrick/server.rb:162:in `start_thread'
  C:/Ruby186/lib/ruby/1.8/webrick/server.rb:95:in `start'
  C:/Ruby186/lib/ruby/1.8/webrick/server.rb:92:in `each'
  C:/Ruby186/lib/ruby/1.8/webrick/server.rb:92:in `start'
  C:/Ruby186/lib/ruby/1.8/webrick/server.rb:23:in `start'
  C:/Ruby186/lib/ruby/1.8/webrick/server.rb:82:in `start'

Rendering rescues/layout (not_found)
WARNING: Can't mass-assign these protected attributes: city, zip, gender, street, first_name, last_name, state
  [4;36;1mSQL (0.0ms)[0m   [0;1mBEGIN[0m
  [4;35;1mUser Load (0.0ms)[0m   [0mSELECT `users`.id FROM `users` WHERE (`users`.`login` = BINARY 'ealameda') LIMIT 1[0m
  [4;36;1mUser Load (0.0ms)[0m   [0;1mSELECT `users`.id FROM `users` WHERE (`users`.`email` = BINARY 'ealameda@email.com') LIMIT 1[0m
  [4;35;1mSQL (0.0ms)[0m   [0mROLLBACK[0m
  [4;36;1mSQL (0.0ms)[0m   [0;1mBEGIN[0m
  [4;35;1mUser Load (0.0ms)[0m   [0mSELECT `users`.id FROM `users` WHERE (`users`.`login` = BINARY 'ealameda') LIMIT 1[0m
  [4;36;1mUser Load (0.0ms)[0m   [0;1mSELECT `users`.id FROM `users` WHERE (`users`.`email` = BINARY 'ealameda@email.com') LIMIT 1[0m
  [4;35;1mSQL (0.0ms)[0m   [0mROLLBACK[0m
  [4;36;1mSQL (0.0ms)[0m   [0;1mSET NAMES 'utf8'[0m
  [4;35;1mSQL (0.0ms)[0m   [0mSET SQL_AUTO_IS_NULL=0[0m


Processing ProfileController#index (for 127.0.0.1 at 2011-10-07 20:27:54) [GET]
  Parameters: {"user"=>"admin"}
  [4;36;1mUser Columns (15.6ms)[0m   [0;1mSHOW FIELDS FROM `users`[0m
  [4;35;1mUser Load (0.0ms)[0m   [0mSELECT * FROM `users` WHERE (`users`.`login` = 'admin') LIMIT 1[0m
Rendering template within layouts/application
Rendering profile/index
  [4;36;1mDetail Load (0.0ms)[0m   [0;1mSELECT * FROM `details` WHERE (`details`.user_id = 1) LIMIT 1[0m

ActionView::TemplateError (undefined method `headline' for nil:NilClass) on line #15 of app/views/profile/index.html.erb:
12: <% content_for :sidebar do %>
13: <div class='about'>
14: <h1 class="section_header">About Me</h1>
15: <p><%= @user.detail.headline %></p>
16: <p><%= image_tag show_avatar %></p>
17: <p><%= @user.detail.about_me %></p>
18: <p><%= link_to '[Learn More About Me]',

    app/views/profile/index.html.erb:15
    app/views/profile/index.html.erb:12
    C:/Ruby186/lib/ruby/1.8/webrick/httpserver.rb:104:in `service'
    C:/Ruby186/lib/ruby/1.8/webrick/httpserver.rb:65:in `run'
    C:/Ruby186/lib/ruby/1.8/webrick/server.rb:173:in `start_thread'
    C:/Ruby186/lib/ruby/1.8/webrick/server.rb:162:in `start'
    C:/Ruby186/lib/ruby/1.8/webrick/server.rb:162:in `start_thread'
    C:/Ruby186/lib/ruby/1.8/webrick/server.rb:95:in `start'
    C:/Ruby186/lib/ruby/1.8/webrick/server.rb:92:in `each'
    C:/Ruby186/lib/ruby/1.8/webrick/server.rb:92:in `start'
    C:/Ruby186/lib/ruby/1.8/webrick/server.rb:23:in `start'
    C:/Ruby186/lib/ruby/1.8/webrick/server.rb:82:in `start'

Rendered rescues/_trace (125.0ms)
Rendered rescues/_request_and_response (0.0ms)
Rendering rescues/layout (internal_server_error)
  [4;35;1mSQL (0.0ms)[0m   [0mSET NAMES 'utf8'[0m
  [4;36;1mSQL (0.0ms)[0m   [0;1mSET SQL_AUTO_IS_NULL=0[0m


Processing ProfileController#index (for 127.0.0.1 at 2011-10-07 20:29:22) [GET]
  Parameters: {"user"=>"admin"}
  [4;35;1mUser Columns (31.2ms)[0m   [0mSHOW FIELDS FROM `users`[0m
  [4;36;1mUser Load (0.0ms)[0m   [0;1mSELECT * FROM `users` WHERE (`users`.`login` = 'admin') LIMIT 1[0m
Rendering template within layouts/application
Rendering profile/index
  [4;35;1mDetail Load (0.0ms)[0m   [0mSELECT * FROM `details` WHERE (`details`.user_id = 1) LIMIT 1[0m
  [4;36;1mDetail Columns (15.6ms)[0m   [0;1mSHOW FIELDS FROM `details`[0m
  [4;35;1mAvatar Load (0.0ms)[0m   [0mSELECT * FROM `avatars` WHERE (`avatars`.user_id = 1) LIMIT 1[0m
Completed in 391ms (View: 344, DB: 47) | 200 OK [http://localhost/admin]
  [4;36;1mSQL (0.0ms)[0m   [0;1mSET NAMES 'utf8'[0m
  [4;35;1mSQL (0.0ms)[0m   [0mSET SQL_AUTO_IS_NULL=0[0m


Processing ApplicationController#index (for 127.0.0.1 at 2011-10-07 20:29:23) [GET]

ActionController::RoutingError (No route matches "/stylesheets/styles.css" with {:method=>:get}):
  C:/Ruby186/lib/ruby/1.8/webrick/httpserver.rb:104:in `service'
  C:/Ruby186/lib/ruby/1.8/webrick/httpserver.rb:65:in `run'
  C:/Ruby186/lib/ruby/1.8/webrick/server.rb:173:in `start_thread'
  C:/Ruby186/lib/ruby/1.8/webrick/server.rb:162:in `start'
  C:/Ruby186/lib/ruby/1.8/webrick/server.rb:162:in `start_thread'
  C:/Ruby186/lib/ruby/1.8/webrick/server.rb:95:in `start'
  C:/Ruby186/lib/ruby/1.8/webrick/server.rb:92:in `each'
  C:/Ruby186/lib/ruby/1.8/webrick/server.rb:92:in `start'
  C:/Ruby186/lib/ruby/1.8/webrick/server.rb:23:in `start'
  C:/Ruby186/lib/ruby/1.8/webrick/server.rb:82:in `start'

Rendering rescues/layout (not_found)
  [4;36;1mSQL (0.0ms)[0m   [0;1mSET NAMES 'utf8'[0m
  [4;35;1mSQL (0.0ms)[0m   [0mSET SQL_AUTO_IS_NULL=0[0m


Processing ApplicationController#index (for 127.0.0.1 at 2011-10-07 20:29:23) [GET]

ActionController::RoutingError (No route matches "/images/no_avatar.gif" with {:method=>:get}):
  C:/Ruby186/lib/ruby/1.8/webrick/httpserver.rb:104:in `service'
  C:/Ruby186/lib/ruby/1.8/webrick/httpserver.rb:65:in `run'
  C:/Ruby186/lib/ruby/1.8/webrick/server.rb:173:in `start_thread'
  C:/Ruby186/lib/ruby/1.8/webrick/server.rb:162:in `start'
  C:/Ruby186/lib/ruby/1.8/webrick/server.rb:162:in `start_thread'
  C:/Ruby186/lib/ruby/1.8/webrick/server.rb:95:in `start'
  C:/Ruby186/lib/ruby/1.8/webrick/server.rb:92:in `each'
  C:/Ruby186/lib/ruby/1.8/webrick/server.rb:92:in `start'
  C:/Ruby186/lib/ruby/1.8/webrick/server.rb:23:in `start'
  C:/Ruby186/lib/ruby/1.8/webrick/server.rb:82:in `start'

Rendering rescues/layout (not_found)
  [4;36;1mSQL (0.0ms)[0m   [0;1mSET NAMES 'utf8'[0m
  [4;35;1mSQL (0.0ms)[0m   [0mSET SQL_AUTO_IS_NULL=0[0m


Processing ProfileController#index (for 127.0.0.1 at 2011-10-07 20:31:17) [GET]
  Parameters: {"user"=>"admin"}
  [4;36;1mUser Columns (31.2ms)[0m   [0;1mSHOW FIELDS FROM `users`[0m
  [4;35;1mUser Load (0.0ms)[0m   [0mSELECT * FROM `users` WHERE (`users`.`login` = 'admin') LIMIT 1[0m
Rendering template within layouts/application
Rendering profile/index
  [4;36;1mDetail Load (0.0ms)[0m   [0;1mSELECT * FROM `details` WHERE (`details`.user_id = 1) LIMIT 1[0m
  [4;35;1mDetail Columns (15.6ms)[0m   [0mSHOW FIELDS FROM `details`[0m
  [4;36;1mAvatar Load (0.0ms)[0m   [0;1mSELECT * FROM `avatars` WHERE (`avatars`.user_id = 1) LIMIT 1[0m
Completed in 156ms (View: 109, DB: 47) | 200 OK [http://localhost/admin]
  [4;35;1mSQL (0.0ms)[0m   [0mSET NAMES 'utf8'[0m
  [4;36;1mSQL (0.0ms)[0m   [0;1mSET SQL_AUTO_IS_NULL=0[0m


Processing ApplicationController#index (for 127.0.0.1 at 2011-10-07 20:31:18) [GET]

ActionController::RoutingError (No route matches "/stylesheets/styles.css" with {:method=>:get}):
  C:/Ruby186/lib/ruby/1.8/webrick/httpserver.rb:104:in `service'
  C:/Ruby186/lib/ruby/1.8/webrick/httpserver.rb:65:in `run'
  C:/Ruby186/lib/ruby/1.8/webrick/server.rb:173:in `start_thread'
  C:/Ruby186/lib/ruby/1.8/webrick/server.rb:162:in `start'
  C:/Ruby186/lib/ruby/1.8/webrick/server.rb:162:in `start_thread'
  C:/Ruby186/lib/ruby/1.8/webrick/server.rb:95:in `start'
  C:/Ruby186/lib/ruby/1.8/webrick/server.rb:92:in `each'
  C:/Ruby186/lib/ruby/1.8/webrick/server.rb:92:in `start'
  C:/Ruby186/lib/ruby/1.8/webrick/server.rb:23:in `start'
  C:/Ruby186/lib/ruby/1.8/webrick/server.rb:82:in `start'

Rendering rescues/layout (not_found)
  [4;35;1mSQL (0.0ms)[0m   [0mSET NAMES 'utf8'[0m
  [4;36;1mSQL (0.0ms)[0m   [0;1mSET SQL_AUTO_IS_NULL=0[0m


Processing ApplicationController#index (for 127.0.0.1 at 2011-10-07 20:31:18) [GET]

ActionController::RoutingError (No route matches "/images/no_avatar.gif" with {:method=>:get}):
  C:/Ruby186/lib/ruby/1.8/webrick/httpserver.rb:104:in `service'
  C:/Ruby186/lib/ruby/1.8/webrick/httpserver.rb:65:in `run'
  C:/Ruby186/lib/ruby/1.8/webrick/server.rb:173:in `start_thread'
  C:/Ruby186/lib/ruby/1.8/webrick/server.rb:162:in `start'
  C:/Ruby186/lib/ruby/1.8/webrick/server.rb:162:in `start_thread'
  C:/Ruby186/lib/ruby/1.8/webrick/server.rb:95:in `start'
  C:/Ruby186/lib/ruby/1.8/webrick/server.rb:92:in `each'
  C:/Ruby186/lib/ruby/1.8/webrick/server.rb:92:in `start'
  C:/Ruby186/lib/ruby/1.8/webrick/server.rb:23:in `start'
  C:/Ruby186/lib/ruby/1.8/webrick/server.rb:82:in `start'

Rendering rescues/layout (not_found)
  [4;35;1mSQL (0.0ms)[0m   [0mSET NAMES 'utf8'[0m
  [4;36;1mSQL (0.0ms)[0m   [0;1mSET SQL_AUTO_IS_NULL=0[0m


Processing ProfileController#index (for 127.0.0.1 at 2011-10-07 20:31:48) [GET]
  Parameters: {"user"=>"admin"}
  [4;35;1mUser Columns (125.0ms)[0m   [0mSHOW FIELDS FROM `users`[0m
  [4;36;1mUser Load (0.0ms)[0m   [0;1mSELECT * FROM `users` WHERE (`users`.`login` = 'admin') LIMIT 1[0m
Rendering template within layouts/application
Rendering profile/index
  [4;35;1mDetail Load (0.0ms)[0m   [0mSELECT * FROM `details` WHERE (`details`.user_id = 1) LIMIT 1[0m
  [4;36;1mDetail Columns (15.6ms)[0m   [0;1mSHOW FIELDS FROM `details`[0m
  [4;35;1mAvatar Load (0.0ms)[0m   [0mSELECT * FROM `avatars` WHERE (`avatars`.user_id = 1) LIMIT 1[0m
Completed in 625ms (View: 344, DB: 141) | 200 OK [http://localhost/admin]
  [4;36;1mSQL (0.0ms)[0m   [0;1mSET NAMES 'utf8'[0m
  [4;35;1mSQL (0.0ms)[0m   [0mSET SQL_AUTO_IS_NULL=0[0m


Processing ApplicationController#index (for 127.0.0.1 at 2011-10-07 20:31:49) [GET]

ActionController::RoutingError (No route matches "/stylesheets/styles.css" with {:method=>:get}):
  C:/Ruby186/lib/ruby/1.8/webrick/httpserver.rb:104:in `service'
  C:/Ruby186/lib/ruby/1.8/webrick/httpserver.rb:65:in `run'
  C:/Ruby186/lib/ruby/1.8/webrick/server.rb:173:in `start_thread'
  C:/Ruby186/lib/ruby/1.8/webrick/server.rb:162:in `start'
  C:/Ruby186/lib/ruby/1.8/webrick/server.rb:162:in `start_thread'
  C:/Ruby186/lib/ruby/1.8/webrick/server.rb:95:in `start'
  C:/Ruby186/lib/ruby/1.8/webrick/server.rb:92:in `each'
  C:/Ruby186/lib/ruby/1.8/webrick/server.rb:92:in `start'
  C:/Ruby186/lib/ruby/1.8/webrick/server.rb:23:in `start'
  C:/Ruby186/lib/ruby/1.8/webrick/server.rb:82:in `start'

Rendering rescues/layout (not_found)
  [4;36;1mSQL (0.0ms)[0m   [0;1mSET NAMES 'utf8'[0m
  [4;35;1mSQL (0.0ms)[0m   [0mSET SQL_AUTO_IS_NULL=0[0m


Processing ApplicationController#index (for 127.0.0.1 at 2011-10-07 20:31:49) [GET]

ActionController::RoutingError (No route matches "/images/no_avatar.gif" with {:method=>:get}):
  C:/Ruby186/lib/ruby/1.8/webrick/httpserver.rb:104:in `service'
  C:/Ruby186/lib/ruby/1.8/webrick/httpserver.rb:65:in `run'
  C:/Ruby186/lib/ruby/1.8/webrick/server.rb:173:in `start_thread'
  C:/Ruby186/lib/ruby/1.8/webrick/server.rb:162:in `start'
  C:/Ruby186/lib/ruby/1.8/webrick/server.rb:162:in `start_thread'
  C:/Ruby186/lib/ruby/1.8/webrick/server.rb:95:in `start'
  C:/Ruby186/lib/ruby/1.8/webrick/server.rb:92:in `each'
  C:/Ruby186/lib/ruby/1.8/webrick/server.rb:92:in `start'
  C:/Ruby186/lib/ruby/1.8/webrick/server.rb:23:in `start'
  C:/Ruby186/lib/ruby/1.8/webrick/server.rb:82:in `start'

Rendering rescues/layout (not_found)
  [4;36;1mSQL (0.0ms)[0m   [0;1mSET NAMES 'utf8'[0m
  [4;35;1mSQL (0.0ms)[0m   [0mSET SQL_AUTO_IS_NULL=0[0m


Processing ProfileController#index (for 127.0.0.1 at 2011-10-07 20:32:28) [GET]
  Parameters: {"user"=>"admin"}
  [4;36;1mUser Columns (78.1ms)[0m   [0;1mSHOW FIELDS FROM `users`[0m
  [4;35;1mUser Load (15.6ms)[0m   [0mSELECT * FROM `users` WHERE (`users`.`login` = 'admin') LIMIT 1[0m
Rendering template within layouts/application
Rendering profile/index
  [4;36;1mDetail Load (0.0ms)[0m   [0;1mSELECT * FROM `details` WHERE (`details`.user_id = 1) LIMIT 1[0m
  [4;35;1mDetail Columns (187.5ms)[0m   [0mSHOW FIELDS FROM `details`[0m
  [4;36;1mAvatar Load (0.0ms)[0m   [0;1mSELECT * FROM `avatars` WHERE (`avatars`.user_id = 1) LIMIT 1[0m
Completed in 562ms (View: 266, DB: 281) | 200 OK [http://localhost/admin]
  [4;35;1mSQL (0.0ms)[0m   [0mSET NAMES 'utf8'[0m
  [4;36;1mSQL (0.0ms)[0m   [0;1mSET SQL_AUTO_IS_NULL=0[0m


Processing ApplicationController#index (for 127.0.0.1 at 2011-10-07 20:32:29) [GET]

ActionController::RoutingError (No route matches "/stylesheets/styles.css" with {:method=>:get}):
  C:/Ruby186/lib/ruby/1.8/webrick/httpserver.rb:104:in `service'
  C:/Ruby186/lib/ruby/1.8/webrick/httpserver.rb:65:in `run'
  C:/Ruby186/lib/ruby/1.8/webrick/server.rb:173:in `start_thread'
  C:/Ruby186/lib/ruby/1.8/webrick/server.rb:162:in `start'
  C:/Ruby186/lib/ruby/1.8/webrick/server.rb:162:in `start_thread'
  C:/Ruby186/lib/ruby/1.8/webrick/server.rb:95:in `start'
  C:/Ruby186/lib/ruby/1.8/webrick/server.rb:92:in `each'
  C:/Ruby186/lib/ruby/1.8/webrick/server.rb:92:in `start'
  C:/Ruby186/lib/ruby/1.8/webrick/server.rb:23:in `start'
  C:/Ruby186/lib/ruby/1.8/webrick/server.rb:82:in `start'

Rendering rescues/layout (not_found)
  [4;35;1mSQL (0.0ms)[0m   [0mSET NAMES 'utf8'[0m
  [4;36;1mSQL (0.0ms)[0m   [0;1mSET SQL_AUTO_IS_NULL=0[0m


Processing ApplicationController#index (for 127.0.0.1 at 2011-10-07 20:32:29) [GET]

ActionController::RoutingError (No route matches "/images/no_avatar.gif" with {:method=>:get}):
  C:/Ruby186/lib/ruby/1.8/webrick/httpserver.rb:104:in `service'
  C:/Ruby186/lib/ruby/1.8/webrick/httpserver.rb:65:in `run'
  C:/Ruby186/lib/ruby/1.8/webrick/server.rb:173:in `start_thread'
  C:/Ruby186/lib/ruby/1.8/webrick/server.rb:162:in `start'
  C:/Ruby186/lib/ruby/1.8/webrick/server.rb:162:in `start_thread'
  C:/Ruby186/lib/ruby/1.8/webrick/server.rb:95:in `start'
  C:/Ruby186/lib/ruby/1.8/webrick/server.rb:92:in `each'
  C:/Ruby186/lib/ruby/1.8/webrick/server.rb:92:in `start'
  C:/Ruby186/lib/ruby/1.8/webrick/server.rb:23:in `start'
  C:/Ruby186/lib/ruby/1.8/webrick/server.rb:82:in `start'

Rendering rescues/layout (not_found)
  [4;35;1mSQL (0.0ms)[0m   [0mSET NAMES 'utf8'[0m
  [4;36;1mSQL (0.0ms)[0m   [0;1mSET SQL_AUTO_IS_NULL=0[0m


Processing WelcomeController#directory (for 127.0.0.1 at 2011-10-07 22:34:43) [GET]
  Parameters: {"char"=>"A"}
  [4;35;1mUser Columns (31.2ms)[0m   [0mSHOW FIELDS FROM `users`[0m
  [4;36;1mUser Load (0.0ms)[0m   [0;1mSELECT * FROM `users` WHERE (`users`.`login` IS NULL) LIMIT 1[0m
Redirected to http://localhost:3000/directory
Filter chain halted as [:get_user] rendered_or_redirected.
Completed in 422ms (DB: 31) | 302 Found [http://localhost/directory]
  [4;35;1mSQL (0.0ms)[0m   [0mSET NAMES 'utf8'[0m
  [4;36;1mSQL (0.0ms)[0m   [0;1mSET SQL_AUTO_IS_NULL=0[0m


Processing WelcomeController#directory (for 127.0.0.1 at 2011-10-07 22:34:44) [GET]
  Parameters: {"char"=>"A"}
  [4;35;1mUser Columns (78.1ms)[0m   [0mSHOW FIELDS FROM `users`[0m
  [4;36;1mUser Load (15.6ms)[0m   [0;1mSELECT * FROM `users` WHERE (`users`.`login` IS NULL) LIMIT 1[0m
Redirected to http://localhost:3000/directory
Filter chain halted as [:get_user] rendered_or_redirected.
Completed in 109ms (DB: 94) | 302 Found [http://localhost/directory]
  [4;35;1mSQL (0.0ms)[0m   [0mSET NAMES 'utf8'[0m
  [4;36;1mSQL (0.0ms)[0m   [0;1mSET SQL_AUTO_IS_NULL=0[0m


Processing WelcomeController#directory (for 127.0.0.1 at 2011-10-07 22:34:44) [GET]
  Parameters: {"char"=>"A"}
  [4;35;1mUser Columns (0.0ms)[0m   [0mSHOW FIELDS FROM `users`[0m
  [4;36;1mUser Load (0.0ms)[0m   [0;1mSELECT * FROM `users` WHERE (`users`.`login` IS NULL) LIMIT 1[0m
Redirected to http://localhost:3000/directory
Filter chain halted as [:get_user] rendered_or_redirected.
Completed in 16ms (DB: 0) | 302 Found [http://localhost/directory]
  [4;35;1mSQL (0.0ms)[0m   [0mSET NAMES 'utf8'[0m
  [4;36;1mSQL (0.0ms)[0m   [0;1mSET SQL_AUTO_IS_NULL=0[0m


Processing WelcomeController#directory (for 127.0.0.1 at 2011-10-07 22:34:44) [GET]
  Parameters: {"char"=>"A"}
  [4;35;1mUser Columns (15.6ms)[0m   [0mSHOW FIELDS FROM `users`[0m
  [4;36;1mUser Load (0.0ms)[0m   [0;1mSELECT * FROM `users` WHERE (`users`.`login` IS NULL) LIMIT 1[0m
Redirected to http://localhost:3000/directory
Filter chain halted as [:get_user] rendered_or_redirected.
Completed in 31ms (DB: 16) | 302 Found [http://localhost/directory]
  [4;35;1mSQL (0.0ms)[0m   [0mSET NAMES 'utf8'[0m
  [4;36;1mSQL (0.0ms)[0m   [0;1mSET SQL_AUTO_IS_NULL=0[0m


Processing WelcomeController#directory (for 127.0.0.1 at 2011-10-07 22:34:44) [GET]
  Parameters: {"char"=>"A"}
  [4;35;1mUser Columns (15.6ms)[0m   [0mSHOW FIELDS FROM `users`[0m
  [4;36;1mUser Load (0.0ms)[0m   [0;1mSELECT * FROM `users` WHERE (`users`.`login` IS NULL) LIMIT 1[0m
Redirected to http://localhost:3000/directory
Filter chain halted as [:get_user] rendered_or_redirected.
Completed in 31ms (DB: 16) | 302 Found [http://localhost/directory]
  [4;35;1mSQL (0.0ms)[0m   [0mSET NAMES 'utf8'[0m
  [4;36;1mSQL (0.0ms)[0m   [0;1mSET SQL_AUTO_IS_NULL=0[0m


Processing WelcomeController#directory (for 127.0.0.1 at 2011-10-07 22:34:44) [GET]
  Parameters: {"char"=>"A"}
  [4;35;1mUser Columns (0.0ms)[0m   [0mSHOW FIELDS FROM `users`[0m
  [4;36;1mUser Load (0.0ms)[0m   [0;1mSELECT * FROM `users` WHERE (`users`.`login` IS NULL) LIMIT 1[0m
Redirected to http://localhost:3000/directory
Filter chain halted as [:get_user] rendered_or_redirected.
Completed in 16ms (DB: 0) | 302 Found [http://localhost/directory]
  [4;35;1mSQL (0.0ms)[0m   [0mSET NAMES 'utf8'[0m
  [4;36;1mSQL (0.0ms)[0m   [0;1mSET SQL_AUTO_IS_NULL=0[0m


Processing WelcomeController#directory (for 127.0.0.1 at 2011-10-07 22:34:44) [GET]
  Parameters: {"char"=>"A"}
  [4;35;1mUser Columns (15.6ms)[0m   [0mSHOW FIELDS FROM `users`[0m
  [4;36;1mUser Load (0.0ms)[0m   [0;1mSELECT * FROM `users` WHERE (`users`.`login` IS NULL) LIMIT 1[0m
Redirected to http://localhost:3000/directory
Filter chain halted as [:get_user] rendered_or_redirected.
Completed in 16ms (DB: 16) | 302 Found [http://localhost/directory]
  [4;35;1mSQL (0.0ms)[0m   [0mSET NAMES 'utf8'[0m
  [4;36;1mSQL (0.0ms)[0m   [0;1mSET SQL_AUTO_IS_NULL=0[0m


Processing WelcomeController#directory (for 127.0.0.1 at 2011-10-07 22:34:44) [GET]
  Parameters: {"char"=>"A"}
  [4;35;1mUser Columns (0.0ms)[0m   [0mSHOW FIELDS FROM `users`[0m
  [4;36;1mUser Load (0.0ms)[0m   [0;1mSELECT * FROM `users` WHERE (`users`.`login` IS NULL) LIMIT 1[0m
Redirected to http://localhost:3000/directory
Filter chain halted as [:get_user] rendered_or_redirected.
Completed in 16ms (DB: 0) | 302 Found [http://localhost/directory]
  [4;35;1mSQL (0.0ms)[0m   [0mSET NAMES 'utf8'[0m
  [4;36;1mSQL (0.0ms)[0m   [0;1mSET SQL_AUTO_IS_NULL=0[0m


Processing WelcomeController#directory (for 127.0.0.1 at 2011-10-07 22:34:44) [GET]
  Parameters: {"char"=>"A"}
  [4;35;1mUser Columns (0.0ms)[0m   [0mSHOW FIELDS FROM `users`[0m
  [4;36;1mUser Load (0.0ms)[0m   [0;1mSELECT * FROM `users` WHERE (`users`.`login` IS NULL) LIMIT 1[0m
Redirected to http://localhost:3000/directory
Filter chain halted as [:get_user] rendered_or_redirected.
Completed in 31ms (DB: 0) | 302 Found [http://localhost/directory]
  [4;35;1mSQL (0.0ms)[0m   [0mSET NAMES 'utf8'[0m
  [4;36;1mSQL (0.0ms)[0m   [0;1mSET SQL_AUTO_IS_NULL=0[0m


Processing WelcomeController#directory (for 127.0.0.1 at 2011-10-07 22:34:45) [GET]
  Parameters: {"char"=>"A"}
  [4;35;1mUser Columns (15.6ms)[0m   [0mSHOW FIELDS FROM `users`[0m
  [4;36;1mUser Load (0.0ms)[0m   [0;1mSELECT * FROM `users` WHERE (`users`.`login` IS NULL) LIMIT 1[0m
Redirected to http://localhost:3000/directory
Filter chain halted as [:get_user] rendered_or_redirected.
Completed in 31ms (DB: 16) | 302 Found [http://localhost/directory]
  [4;35;1mSQL (0.0ms)[0m   [0mSET NAMES 'utf8'[0m
  [4;36;1mSQL (0.0ms)[0m   [0;1mSET SQL_AUTO_IS_NULL=0[0m


Processing WelcomeController#directory (for 127.0.0.1 at 2011-10-07 22:34:45) [GET]
  Parameters: {"char"=>"A"}
  [4;35;1mUser Columns (0.0ms)[0m   [0mSHOW FIELDS FROM `users`[0m
  [4;36;1mUser Load (0.0ms)[0m   [0;1mSELECT * FROM `users` WHERE (`users`.`login` IS NULL) LIMIT 1[0m
Redirected to http://localhost:3000/directory
Filter chain halted as [:get_user] rendered_or_redirected.
Completed in 16ms (DB: 0) | 302 Found [http://localhost/directory]
  [4;35;1mSQL (0.0ms)[0m   [0mSET NAMES 'utf8'[0m
  [4;36;1mSQL (0.0ms)[0m   [0;1mSET SQL_AUTO_IS_NULL=0[0m


Processing WelcomeController#directory (for 127.0.0.1 at 2011-10-07 22:34:45) [GET]
  Parameters: {"char"=>"A"}
  [4;35;1mUser Columns (0.0ms)[0m   [0mSHOW FIELDS FROM `users`[0m
  [4;36;1mUser Load (0.0ms)[0m   [0;1mSELECT * FROM `users` WHERE (`users`.`login` IS NULL) LIMIT 1[0m
Redirected to http://localhost:3000/directory
Filter chain halted as [:get_user] rendered_or_redirected.
Completed in 31ms (DB: 0) | 302 Found [http://localhost/directory]
  [4;35;1mSQL (0.0ms)[0m   [0mSET NAMES 'utf8'[0m
  [4;36;1mSQL (0.0ms)[0m   [0;1mSET SQL_AUTO_IS_NULL=0[0m


Processing WelcomeController#directory (for 127.0.0.1 at 2011-10-07 22:34:45) [GET]
  Parameters: {"char"=>"A"}
  [4;35;1mUser Columns (0.0ms)[0m   [0mSHOW FIELDS FROM `users`[0m
  [4;36;1mUser Load (0.0ms)[0m   [0;1mSELECT * FROM `users` WHERE (`users`.`login` IS NULL) LIMIT 1[0m
Redirected to http://localhost:3000/directory
Filter chain halted as [:get_user] rendered_or_redirected.
Completed in 16ms (DB: 0) | 302 Found [http://localhost/directory]
  [4;35;1mSQL (0.0ms)[0m   [0mSET NAMES 'utf8'[0m
  [4;36;1mSQL (0.0ms)[0m   [0;1mSET SQL_AUTO_IS_NULL=0[0m


Processing WelcomeController#directory (for 127.0.0.1 at 2011-10-07 22:34:45) [GET]
  Parameters: {"char"=>"A"}
  [4;35;1mUser Columns (0.0ms)[0m   [0mSHOW FIELDS FROM `users`[0m
  [4;36;1mUser Load (0.0ms)[0m   [0;1mSELECT * FROM `users` WHERE (`users`.`login` IS NULL) LIMIT 1[0m
Redirected to http://localhost:3000/directory
Filter chain halted as [:get_user] rendered_or_redirected.
Completed in 16ms (DB: 0) | 302 Found [http://localhost/directory]
  [4;35;1mSQL (0.0ms)[0m   [0mSET NAMES 'utf8'[0m
  [4;36;1mSQL (0.0ms)[0m   [0;1mSET SQL_AUTO_IS_NULL=0[0m


Processing WelcomeController#directory (for 127.0.0.1 at 2011-10-07 22:34:45) [GET]
  Parameters: {"char"=>"A"}
  [4;35;1mUser Columns (15.6ms)[0m   [0mSHOW FIELDS FROM `users`[0m
  [4;36;1mUser Load (0.0ms)[0m   [0;1mSELECT * FROM `users` WHERE (`users`.`login` IS NULL) LIMIT 1[0m
Redirected to http://localhost:3000/directory
Filter chain halted as [:get_user] rendered_or_redirected.
Completed in 16ms (DB: 16) | 302 Found [http://localhost/directory]
  [4;35;1mSQL (0.0ms)[0m   [0mSET NAMES 'utf8'[0m
  [4;36;1mSQL (0.0ms)[0m   [0;1mSET SQL_AUTO_IS_NULL=0[0m


Processing WelcomeController#directory (for 127.0.0.1 at 2011-10-07 22:34:45) [GET]
  Parameters: {"char"=>"A"}
  [4;35;1mUser Columns (15.6ms)[0m   [0mSHOW FIELDS FROM `users`[0m
  [4;36;1mUser Load (0.0ms)[0m   [0;1mSELECT * FROM `users` WHERE (`users`.`login` IS NULL) LIMIT 1[0m
Redirected to http://localhost:3000/directory
Filter chain halted as [:get_user] rendered_or_redirected.
Completed in 16ms (DB: 16) | 302 Found [http://localhost/directory]
  [4;35;1mSQL (0.0ms)[0m   [0mSET NAMES 'utf8'[0m
  [4;36;1mSQL (0.0ms)[0m   [0;1mSET SQL_AUTO_IS_NULL=0[0m


Processing WelcomeController#directory (for 127.0.0.1 at 2011-10-07 22:34:45) [GET]
  Parameters: {"char"=>"A"}
  [4;35;1mUser Columns (0.0ms)[0m   [0mSHOW FIELDS FROM `users`[0m
  [4;36;1mUser Load (0.0ms)[0m   [0;1mSELECT * FROM `users` WHERE (`users`.`login` IS NULL) LIMIT 1[0m
Redirected to http://localhost:3000/directory
Filter chain halted as [:get_user] rendered_or_redirected.
Completed in 31ms (DB: 0) | 302 Found [http://localhost/directory]
  [4;35;1mSQL (0.0ms)[0m   [0mSET NAMES 'utf8'[0m
  [4;36;1mSQL (0.0ms)[0m   [0;1mSET SQL_AUTO_IS_NULL=0[0m


Processing WelcomeController#directory (for 127.0.0.1 at 2011-10-07 22:34:45) [GET]
  Parameters: {"char"=>"A"}
  [4;35;1mUser Columns (0.0ms)[0m   [0mSHOW FIELDS FROM `users`[0m
  [4;36;1mUser Load (15.6ms)[0m   [0;1mSELECT * FROM `users` WHERE (`users`.`login` IS NULL) LIMIT 1[0m
Redirected to http://localhost:3000/directory
Filter chain halted as [:get_user] rendered_or_redirected.
Completed in 62ms (DB: 16) | 302 Found [http://localhost/directory]
  [4;35;1mSQL (0.0ms)[0m   [0mSET NAMES 'utf8'[0m
  [4;36;1mSQL (0.0ms)[0m   [0;1mSET SQL_AUTO_IS_NULL=0[0m


Processing WelcomeController#directory (for 127.0.0.1 at 2011-10-07 22:34:45) [GET]
  Parameters: {"char"=>"A"}
  [4;35;1mUser Columns (0.0ms)[0m   [0mSHOW FIELDS FROM `users`[0m
  [4;36;1mUser Load (0.0ms)[0m   [0;1mSELECT * FROM `users` WHERE (`users`.`login` IS NULL) LIMIT 1[0m
Redirected to http://localhost:3000/directory
Filter chain halted as [:get_user] rendered_or_redirected.
Completed in 16ms (DB: 0) | 302 Found [http://localhost/directory]
  [4;35;1mSQL (0.0ms)[0m   [0mSET NAMES 'utf8'[0m
  [4;36;1mSQL (0.0ms)[0m   [0;1mSET SQL_AUTO_IS_NULL=0[0m


Processing WelcomeController#directory (for 127.0.0.1 at 2011-10-07 22:34:45) [GET]
  Parameters: {"char"=>"A"}
  [4;35;1mUser Columns (0.0ms)[0m   [0mSHOW FIELDS FROM `users`[0m
  [4;36;1mUser Load (0.0ms)[0m   [0;1mSELECT * FROM `users` WHERE (`users`.`login` IS NULL) LIMIT 1[0m
Redirected to http://localhost:3000/directory
Filter chain halted as [:get_user] rendered_or_redirected.
Completed in 16ms (DB: 0) | 302 Found [http://localhost/directory]
  [4;35;1mSQL (0.0ms)[0m   [0mSET NAMES 'utf8'[0m
  [4;36;1mSQL (0.0ms)[0m   [0;1mSET SQL_AUTO_IS_NULL=0[0m


Processing WelcomeController#directory (for 127.0.0.1 at 2011-10-07 22:34:45) [GET]
  Parameters: {"char"=>"A"}
  [4;35;1mUser Columns (15.6ms)[0m   [0mSHOW FIELDS FROM `users`[0m
  [4;36;1mUser Load (0.0ms)[0m   [0;1mSELECT * FROM `users` WHERE (`users`.`login` IS NULL) LIMIT 1[0m
Redirected to http://localhost:3000/directory
Filter chain halted as [:get_user] rendered_or_redirected.
Completed in 16ms (DB: 16) | 302 Found [http://localhost/directory]
  [4;35;1mSQL (0.0ms)[0m   [0mSET NAMES 'utf8'[0m
  [4;36;1mSQL (0.0ms)[0m   [0;1mSET SQL_AUTO_IS_NULL=0[0m


Processing WelcomeController#directory (for 127.0.0.1 at 2011-10-07 22:34:47) [GET]
  Parameters: {"char"=>"A"}
  [4;35;1mUser Columns (15.6ms)[0m   [0mSHOW FIELDS FROM `users`[0m
  [4;36;1mUser Load (0.0ms)[0m   [0;1mSELECT * FROM `users` WHERE (`users`.`login` IS NULL) LIMIT 1[0m
Redirected to http://localhost:3000/directory
Filter chain halted as [:get_user] rendered_or_redirected.
Completed in 31ms (DB: 16) | 302 Found [http://localhost/directory]
  [4;35;1mSQL (0.0ms)[0m   [0mSET NAMES 'utf8'[0m
  [4;36;1mSQL (0.0ms)[0m   [0;1mSET SQL_AUTO_IS_NULL=0[0m


Processing WelcomeController#directory (for 127.0.0.1 at 2011-10-07 22:34:47) [GET]
  Parameters: {"char"=>"A"}
  [4;35;1mUser Columns (15.6ms)[0m   [0mSHOW FIELDS FROM `users`[0m
  [4;36;1mUser Load (0.0ms)[0m   [0;1mSELECT * FROM `users` WHERE (`users`.`login` IS NULL) LIMIT 1[0m
Redirected to http://localhost:3000/directory
Filter chain halted as [:get_user] rendered_or_redirected.
Completed in 31ms (DB: 16) | 302 Found [http://localhost/directory]
  [4;35;1mSQL (0.0ms)[0m   [0mSET NAMES 'utf8'[0m
  [4;36;1mSQL (0.0ms)[0m   [0;1mSET SQL_AUTO_IS_NULL=0[0m


Processing WelcomeController#directory (for 127.0.0.1 at 2011-10-07 22:34:47) [GET]
  Parameters: {"char"=>"A"}
  [4;35;1mUser Columns (0.0ms)[0m   [0mSHOW FIELDS FROM `users`[0m
  [4;36;1mUser Load (0.0ms)[0m   [0;1mSELECT * FROM `users` WHERE (`users`.`login` IS NULL) LIMIT 1[0m
Redirected to http://localhost:3000/directory
Filter chain halted as [:get_user] rendered_or_redirected.
Completed in 16ms (DB: 0) | 302 Found [http://localhost/directory]
  [4;35;1mSQL (0.0ms)[0m   [0mSET NAMES 'utf8'[0m
  [4;36;1mSQL (0.0ms)[0m   [0;1mSET SQL_AUTO_IS_NULL=0[0m


Processing WelcomeController#directory (for 127.0.0.1 at 2011-10-07 22:34:47) [GET]
  Parameters: {"char"=>"A"}
  [4;35;1mUser Columns (15.6ms)[0m   [0mSHOW FIELDS FROM `users`[0m
  [4;36;1mUser Load (0.0ms)[0m   [0;1mSELECT * FROM `users` WHERE (`users`.`login` IS NULL) LIMIT 1[0m
Redirected to http://localhost:3000/directory
Filter chain halted as [:get_user] rendered_or_redirected.
Completed in 16ms (DB: 16) | 302 Found [http://localhost/directory]
  [4;35;1mSQL (0.0ms)[0m   [0mSET NAMES 'utf8'[0m
  [4;36;1mSQL (0.0ms)[0m   [0;1mSET SQL_AUTO_IS_NULL=0[0m


Processing WelcomeController#directory (for 127.0.0.1 at 2011-10-07 22:34:47) [GET]
  Parameters: {"char"=>"A"}
  [4;35;1mUser Columns (0.0ms)[0m   [0mSHOW FIELDS FROM `users`[0m
  [4;36;1mUser Load (0.0ms)[0m   [0;1mSELECT * FROM `users` WHERE (`users`.`login` IS NULL) LIMIT 1[0m
Redirected to http://localhost:3000/directory
Filter chain halted as [:get_user] rendered_or_redirected.
Completed in 16ms (DB: 0) | 302 Found [http://localhost/directory]
  [4;35;1mSQL (0.0ms)[0m   [0mSET NAMES 'utf8'[0m
  [4;36;1mSQL (0.0ms)[0m   [0;1mSET SQL_AUTO_IS_NULL=0[0m


Processing WelcomeController#directory (for 127.0.0.1 at 2011-10-07 22:34:48) [GET]
  Parameters: {"char"=>"A"}
  [4;35;1mUser Columns (15.6ms)[0m   [0mSHOW FIELDS FROM `users`[0m
  [4;36;1mUser Load (0.0ms)[0m   [0;1mSELECT * FROM `users` WHERE (`users`.`login` IS NULL) LIMIT 1[0m
Redirected to http://localhost:3000/directory
Filter chain halted as [:get_user] rendered_or_redirected.
Completed in 78ms (DB: 16) | 302 Found [http://localhost/directory]
  [4;35;1mSQL (0.0ms)[0m   [0mSET NAMES 'utf8'[0m
  [4;36;1mSQL (0.0ms)[0m   [0;1mSET SQL_AUTO_IS_NULL=0[0m


Processing WelcomeController#directory (for 127.0.0.1 at 2011-10-07 22:34:48) [GET]
  Parameters: {"char"=>"A"}
  [4;35;1mUser Columns (0.0ms)[0m   [0mSHOW FIELDS FROM `users`[0m
  [4;36;1mUser Load (0.0ms)[0m   [0;1mSELECT * FROM `users` WHERE (`users`.`login` IS NULL) LIMIT 1[0m
Redirected to http://localhost:3000/directory
Filter chain halted as [:get_user] rendered_or_redirected.
Completed in 16ms (DB: 0) | 302 Found [http://localhost/directory]
  [4;35;1mSQL (0.0ms)[0m   [0mSET NAMES 'utf8'[0m
  [4;36;1mSQL (0.0ms)[0m   [0;1mSET SQL_AUTO_IS_NULL=0[0m


Processing WelcomeController#directory (for 127.0.0.1 at 2011-10-07 22:34:48) [GET]
  Parameters: {"char"=>"A"}
  [4;35;1mUser Columns (0.0ms)[0m   [0mSHOW FIELDS FROM `users`[0m
  [4;36;1mUser Load (0.0ms)[0m   [0;1mSELECT * FROM `users` WHERE (`users`.`login` IS NULL) LIMIT 1[0m
Redirected to http://localhost:3000/directory
Filter chain halted as [:get_user] rendered_or_redirected.
Completed in 31ms (DB: 0) | 302 Found [http://localhost/directory]
  [4;35;1mSQL (0.0ms)[0m   [0mSET NAMES 'utf8'[0m
  [4;36;1mSQL (0.0ms)[0m   [0;1mSET SQL_AUTO_IS_NULL=0[0m


Processing WelcomeController#directory (for 127.0.0.1 at 2011-10-07 22:34:48) [GET]
  Parameters: {"char"=>"A"}
  [4;35;1mUser Columns (0.0ms)[0m   [0mSHOW FIELDS FROM `users`[0m
  [4;36;1mUser Load (0.0ms)[0m   [0;1mSELECT * FROM `users` WHERE (`users`.`login` IS NULL) LIMIT 1[0m
Redirected to http://localhost:3000/directory
Filter chain halted as [:get_user] rendered_or_redirected.
Completed in 16ms (DB: 0) | 302 Found [http://localhost/directory]
  [4;35;1mSQL (0.0ms)[0m   [0mSET NAMES 'utf8'[0m
  [4;36;1mSQL (0.0ms)[0m   [0;1mSET SQL_AUTO_IS_NULL=0[0m


Processing WelcomeController#directory (for 127.0.0.1 at 2011-10-07 22:34:48) [GET]
  Parameters: {"char"=>"A"}
  [4;35;1mUser Columns (0.0ms)[0m   [0mSHOW FIELDS FROM `users`[0m
  [4;36;1mUser Load (0.0ms)[0m   [0;1mSELECT * FROM `users` WHERE (`users`.`login` IS NULL) LIMIT 1[0m
Redirected to http://localhost:3000/directory
Filter chain halted as [:get_user] rendered_or_redirected.
Completed in 31ms (DB: 0) | 302 Found [http://localhost/directory]
  [4;35;1mSQL (0.0ms)[0m   [0mSET NAMES 'utf8'[0m
  [4;36;1mSQL (0.0ms)[0m   [0;1mSET SQL_AUTO_IS_NULL=0[0m


Processing WelcomeController#directory (for 127.0.0.1 at 2011-10-07 22:34:48) [GET]
  Parameters: {"char"=>"A"}
  [4;35;1mUser Columns (15.6ms)[0m   [0mSHOW FIELDS FROM `users`[0m
  [4;36;1mUser Load (0.0ms)[0m   [0;1mSELECT * FROM `users` WHERE (`users`.`login` IS NULL) LIMIT 1[0m
Redirected to http://localhost:3000/directory
Filter chain halted as [:get_user] rendered_or_redirected.
Completed in 16ms (DB: 16) | 302 Found [http://localhost/directory]
  [4;35;1mSQL (0.0ms)[0m   [0mSET NAMES 'utf8'[0m
  [4;36;1mSQL (0.0ms)[0m   [0;1mSET SQL_AUTO_IS_NULL=0[0m


Processing WelcomeController#directory (for 127.0.0.1 at 2011-10-07 22:34:48) [GET]
  Parameters: {"char"=>"A"}
  [4;35;1mUser Columns (0.0ms)[0m   [0mSHOW FIELDS FROM `users`[0m
  [4;36;1mUser Load (0.0ms)[0m   [0;1mSELECT * FROM `users` WHERE (`users`.`login` IS NULL) LIMIT 1[0m
Redirected to http://localhost:3000/directory
Filter chain halted as [:get_user] rendered_or_redirected.
Completed in 16ms (DB: 0) | 302 Found [http://localhost/directory]
  [4;35;1mSQL (0.0ms)[0m   [0mSET NAMES 'utf8'[0m
  [4;36;1mSQL (0.0ms)[0m   [0;1mSET SQL_AUTO_IS_NULL=0[0m


Processing WelcomeController#directory (for 127.0.0.1 at 2011-10-07 22:34:48) [GET]
  Parameters: {"char"=>"A"}
  [4;35;1mUser Columns (15.6ms)[0m   [0mSHOW FIELDS FROM `users`[0m
  [4;36;1mUser Load (0.0ms)[0m   [0;1mSELECT * FROM `users` WHERE (`users`.`login` IS NULL) LIMIT 1[0m
Redirected to http://localhost:3000/directory
Filter chain halted as [:get_user] rendered_or_redirected.
Completed in 16ms (DB: 16) | 302 Found [http://localhost/directory]
  [4;35;1mSQL (0.0ms)[0m   [0mSET NAMES 'utf8'[0m
  [4;36;1mSQL (0.0ms)[0m   [0;1mSET SQL_AUTO_IS_NULL=0[0m


Processing WelcomeController#directory (for 127.0.0.1 at 2011-10-07 22:34:48) [GET]
  Parameters: {"char"=>"A"}
  [4;35;1mUser Columns (15.6ms)[0m   [0mSHOW FIELDS FROM `users`[0m
  [4;36;1mUser Load (0.0ms)[0m   [0;1mSELECT * FROM `users` WHERE (`users`.`login` IS NULL) LIMIT 1[0m
Redirected to http://localhost:3000/directory
Filter chain halted as [:get_user] rendered_or_redirected.
Completed in 47ms (DB: 16) | 302 Found [http://localhost/directory]
  [4;35;1mSQL (0.0ms)[0m   [0mSET NAMES 'utf8'[0m
  [4;36;1mSQL (0.0ms)[0m   [0;1mSET SQL_AUTO_IS_NULL=0[0m


Processing WelcomeController#directory (for 127.0.0.1 at 2011-10-07 22:34:48) [GET]
  Parameters: {"char"=>"A"}
  [4;35;1mUser Columns (0.0ms)[0m   [0mSHOW FIELDS FROM `users`[0m
  [4;36;1mUser Load (0.0ms)[0m   [0;1mSELECT * FROM `users` WHERE (`users`.`login` IS NULL) LIMIT 1[0m
Redirected to http://localhost:3000/directory
Filter chain halted as [:get_user] rendered_or_redirected.
Completed in 16ms (DB: 0) | 302 Found [http://localhost/directory]
  [4;35;1mSQL (0.0ms)[0m   [0mSET NAMES 'utf8'[0m
  [4;36;1mSQL (0.0ms)[0m   [0;1mSET SQL_AUTO_IS_NULL=0[0m


Processing WelcomeController#directory (for 127.0.0.1 at 2011-10-07 22:34:48) [GET]
  Parameters: {"char"=>"A"}
  [4;35;1mUser Columns (15.6ms)[0m   [0mSHOW FIELDS FROM `users`[0m
  [4;36;1mUser Load (0.0ms)[0m   [0;1mSELECT * FROM `users` WHERE (`users`.`login` IS NULL) LIMIT 1[0m
Redirected to http://localhost:3000/directory
Filter chain halted as [:get_user] rendered_or_redirected.
Completed in 47ms (DB: 16) | 302 Found [http://localhost/directory]
  [4;35;1mSQL (0.0ms)[0m   [0mSET NAMES 'utf8'[0m
  [4;36;1mSQL (0.0ms)[0m   [0;1mSET SQL_AUTO_IS_NULL=0[0m


Processing WelcomeController#directory (for 127.0.0.1 at 2011-10-07 22:34:48) [GET]
  Parameters: {"char"=>"A"}
  [4;35;1mUser Columns (0.0ms)[0m   [0mSHOW FIELDS FROM `users`[0m
  [4;36;1mUser Load (15.6ms)[0m   [0;1mSELECT * FROM `users` WHERE (`users`.`login` IS NULL) LIMIT 1[0m
Redirected to http://localhost:3000/directory
Filter chain halted as [:get_user] rendered_or_redirected.
Completed in 31ms (DB: 16) | 302 Found [http://localhost/directory]
  [4;35;1mSQL (0.0ms)[0m   [0mSET NAMES 'utf8'[0m
  [4;36;1mSQL (0.0ms)[0m   [0;1mSET SQL_AUTO_IS_NULL=0[0m


Processing WelcomeController#directory (for 127.0.0.1 at 2011-10-07 22:34:48) [GET]
  Parameters: {"char"=>"A"}
  [4;35;1mUser Columns (15.6ms)[0m   [0mSHOW FIELDS FROM `users`[0m
  [4;36;1mUser Load (0.0ms)[0m   [0;1mSELECT * FROM `users` WHERE (`users`.`login` IS NULL) LIMIT 1[0m
Redirected to http://localhost:3000/directory
Filter chain halted as [:get_user] rendered_or_redirected.
Completed in 31ms (DB: 16) | 302 Found [http://localhost/directory]
  [4;35;1mSQL (0.0ms)[0m   [0mSET NAMES 'utf8'[0m
  [4;36;1mSQL (0.0ms)[0m   [0;1mSET SQL_AUTO_IS_NULL=0[0m


Processing WelcomeController#directory (for 127.0.0.1 at 2011-10-07 22:34:48) [GET]
  Parameters: {"char"=>"A"}
  [4;35;1mUser Columns (0.0ms)[0m   [0mSHOW FIELDS FROM `users`[0m
  [4;36;1mUser Load (0.0ms)[0m   [0;1mSELECT * FROM `users` WHERE (`users`.`login` IS NULL) LIMIT 1[0m
Redirected to http://localhost:3000/directory
Filter chain halted as [:get_user] rendered_or_redirected.
Completed in 16ms (DB: 0) | 302 Found [http://localhost/directory]
  [4;35;1mSQL (0.0ms)[0m   [0mSET NAMES 'utf8'[0m
  [4;36;1mSQL (0.0ms)[0m   [0;1mSET SQL_AUTO_IS_NULL=0[0m


Processing WelcomeController#directory (for 127.0.0.1 at 2011-10-07 22:34:48) [GET]
  Parameters: {"char"=>"A"}
  [4;35;1mUser Columns (15.6ms)[0m   [0mSHOW FIELDS FROM `users`[0m
  [4;36;1mUser Load (0.0ms)[0m   [0;1mSELECT * FROM `users` WHERE (`users`.`login` IS NULL) LIMIT 1[0m
Redirected to http://localhost:3000/directory
Filter chain halted as [:get_user] rendered_or_redirected.
Completed in 16ms (DB: 16) | 302 Found [http://localhost/directory]
  [4;35;1mSQL (15.6ms)[0m   [0mSET NAMES 'utf8'[0m
  [4;36;1mSQL (0.0ms)[0m   [0;1mSET SQL_AUTO_IS_NULL=0[0m


Processing WelcomeController#directory (for 127.0.0.1 at 2011-10-07 22:34:49) [GET]
  Parameters: {"char"=>"A"}
  [4;35;1mUser Columns (0.0ms)[0m   [0mSHOW FIELDS FROM `users`[0m
  [4;36;1mUser Load (0.0ms)[0m   [0;1mSELECT * FROM `users` WHERE (`users`.`login` IS NULL) LIMIT 1[0m
Redirected to http://localhost:3000/directory
Filter chain halted as [:get_user] rendered_or_redirected.
Completed in 16ms (DB: 16) | 302 Found [http://localhost/directory]
  [4;35;1mSQL (0.0ms)[0m   [0mSET NAMES 'utf8'[0m
  [4;36;1mSQL (0.0ms)[0m   [0;1mSET SQL_AUTO_IS_NULL=0[0m


Processing ProfileController#index (for 127.0.0.1 at 2011-10-07 22:57:19) [GET]
  Parameters: {"user"=>"admin"}
  [4;35;1mUser Columns (0.0ms)[0m   [0mSHOW FIELDS FROM `users`[0m
  [4;36;1mUser Load (0.0ms)[0m   [0;1mSELECT * FROM `users` WHERE (`users`.`login` = 'admin') LIMIT 1[0m
Redirected to http://localhost:3000/sessions/new
Filter chain halted as [:login_required] rendered_or_redirected.
Completed in 578ms (DB: 0) | 302 Found [http://localhost/admin]
  [4;35;1mSQL (0.0ms)[0m   [0mSET NAMES 'utf8'[0m
  [4;36;1mSQL (0.0ms)[0m   [0;1mSET SQL_AUTO_IS_NULL=0[0m


Processing SessionsController#new (for 127.0.0.1 at 2011-10-07 22:57:19) [GET]
Rendering template within layouts/application
Rendering sessions/new

ActionView::TemplateError (session_url failed to generate from {:action=>"show", :controller=>"sessions"} - you may have ambiguous routes, or you may need to supply additional parameters for this route.  content_url has the following required parameters: ["sessions", :id] - are they all satisfied?) on line #3 of app/views/sessions/new.html.erb:
1: <h1>Log In</h1>
2: 
3: <% form_tag session_path do -%>
4: <p><%= label_tag 'login' %><br />
5: <%= text_field_tag 'login', @login %></p>
6: 

    (eval):16:in `session_path'
    app/views/sessions/new.html.erb:3
    C:/Ruby186/lib/ruby/1.8/webrick/httpserver.rb:104:in `service'
    C:/Ruby186/lib/ruby/1.8/webrick/httpserver.rb:65:in `run'
    C:/Ruby186/lib/ruby/1.8/webrick/server.rb:173:in `start_thread'
    C:/Ruby186/lib/ruby/1.8/webrick/server.rb:162:in `start'
    C:/Ruby186/lib/ruby/1.8/webrick/server.rb:162:in `start_thread'
    C:/Ruby186/lib/ruby/1.8/webrick/server.rb:95:in `start'
    C:/Ruby186/lib/ruby/1.8/webrick/server.rb:92:in `each'
    C:/Ruby186/lib/ruby/1.8/webrick/server.rb:92:in `start'
    C:/Ruby186/lib/ruby/1.8/webrick/server.rb:23:in `start'
    C:/Ruby186/lib/ruby/1.8/webrick/server.rb:82:in `start'

Rendered rescues/_trace (31.2ms)
Rendered rescues/_request_and_response (0.0ms)
Rendering rescues/layout (internal_server_error)
  [4;36;1mSQL (15.6ms)[0m   [0;1mSET NAMES 'utf8'[0m
  [4;35;1mSQL (0.0ms)[0m   [0mSET SQL_AUTO_IS_NULL=0[0m


Processing ApplicationController#index (for 127.0.0.1 at 2011-10-09 12:59:46) [GET]

ActionController::RoutingError (No route matches "/profile/admin" with {:method=>:get}):
  C:/Ruby186/lib/ruby/1.8/webrick/httpserver.rb:104:in `service'
  C:/Ruby186/lib/ruby/1.8/webrick/httpserver.rb:65:in `run'
  C:/Ruby186/lib/ruby/1.8/webrick/server.rb:173:in `start_thread'
  C:/Ruby186/lib/ruby/1.8/webrick/server.rb:162:in `start'
  C:/Ruby186/lib/ruby/1.8/webrick/server.rb:162:in `start_thread'
  C:/Ruby186/lib/ruby/1.8/webrick/server.rb:95:in `start'
  C:/Ruby186/lib/ruby/1.8/webrick/server.rb:92:in `each'
  C:/Ruby186/lib/ruby/1.8/webrick/server.rb:92:in `start'
  C:/Ruby186/lib/ruby/1.8/webrick/server.rb:23:in `start'
  C:/Ruby186/lib/ruby/1.8/webrick/server.rb:82:in `start'

Rendering rescues/layout (not_found)
  [4;36;1mSQL (0.0ms)[0m   [0;1mSET NAMES 'utf8'[0m
  [4;35;1mSQL (0.0ms)[0m   [0mSET SQL_AUTO_IS_NULL=0[0m


Processing ApplicationController#index (for 127.0.0.1 at 2011-10-09 13:06:10) [GET]

ActionController::RoutingError (No route matches "/admin/profile" with {:method=>:get}):
  C:/Ruby186/lib/ruby/1.8/webrick/httpserver.rb:104:in `service'
  C:/Ruby186/lib/ruby/1.8/webrick/httpserver.rb:65:in `run'
  C:/Ruby186/lib/ruby/1.8/webrick/server.rb:173:in `start_thread'
  C:/Ruby186/lib/ruby/1.8/webrick/server.rb:162:in `start'
  C:/Ruby186/lib/ruby/1.8/webrick/server.rb:162:in `start_thread'
  C:/Ruby186/lib/ruby/1.8/webrick/server.rb:95:in `start'
  C:/Ruby186/lib/ruby/1.8/webrick/server.rb:92:in `each'
  C:/Ruby186/lib/ruby/1.8/webrick/server.rb:92:in `start'
  C:/Ruby186/lib/ruby/1.8/webrick/server.rb:23:in `start'
  C:/Ruby186/lib/ruby/1.8/webrick/server.rb:82:in `start'

Rendering rescues/layout (not_found)
  [4;36;1mSQL (0.0ms)[0m   [0;1mSET NAMES 'utf8'[0m
  [4;35;1mSQL (0.0ms)[0m   [0mSET SQL_AUTO_IS_NULL=0[0m


Processing ApplicationController#index (for 127.0.0.1 at 2011-10-09 13:06:27) [GET]

ActionController::RoutingError (No route matches "/admin" with {:method=>:get}):
  C:/Ruby186/lib/ruby/1.8/webrick/httpserver.rb:104:in `service'
  C:/Ruby186/lib/ruby/1.8/webrick/httpserver.rb:65:in `run'
  C:/Ruby186/lib/ruby/1.8/webrick/server.rb:173:in `start_thread'
  C:/Ruby186/lib/ruby/1.8/webrick/server.rb:162:in `start'
  C:/Ruby186/lib/ruby/1.8/webrick/server.rb:162:in `start_thread'
  C:/Ruby186/lib/ruby/1.8/webrick/server.rb:95:in `start'
  C:/Ruby186/lib/ruby/1.8/webrick/server.rb:92:in `each'
  C:/Ruby186/lib/ruby/1.8/webrick/server.rb:92:in `start'
  C:/Ruby186/lib/ruby/1.8/webrick/server.rb:23:in `start'
  C:/Ruby186/lib/ruby/1.8/webrick/server.rb:82:in `start'

Rendering rescues/layout (not_found)
  [4;36;1mSQL (0.0ms)[0m   [0;1mSET NAMES 'utf8'[0m
  [4;35;1mSQL (0.0ms)[0m   [0mSET SQL_AUTO_IS_NULL=0[0m


Processing ApplicationController#index (for 127.0.0.1 at 2011-10-09 13:06:36) [GET]

ActionController::RoutingError (No route matches "/profile/admin" with {:method=>:get}):
  C:/Ruby186/lib/ruby/1.8/webrick/httpserver.rb:104:in `service'
  C:/Ruby186/lib/ruby/1.8/webrick/httpserver.rb:65:in `run'
  C:/Ruby186/lib/ruby/1.8/webrick/server.rb:173:in `start_thread'
  C:/Ruby186/lib/ruby/1.8/webrick/server.rb:162:in `start'
  C:/Ruby186/lib/ruby/1.8/webrick/server.rb:162:in `start_thread'
  C:/Ruby186/lib/ruby/1.8/webrick/server.rb:95:in `start'
  C:/Ruby186/lib/ruby/1.8/webrick/server.rb:92:in `each'
  C:/Ruby186/lib/ruby/1.8/webrick/server.rb:92:in `start'
  C:/Ruby186/lib/ruby/1.8/webrick/server.rb:23:in `start'
  C:/Ruby186/lib/ruby/1.8/webrick/server.rb:82:in `start'

Rendering rescues/layout (not_found)
  [4;36;1mSQL (0.0ms)[0m   [0;1mSET NAMES 'utf8'[0m
  [4;35;1mSQL (0.0ms)[0m   [0mSET SQL_AUTO_IS_NULL=0[0m


Processing ApplicationController#index (for 127.0.0.1 at 2011-10-09 13:06:50) [GET]

ActionController::RoutingError (No route matches "/admin" with {:method=>:get}):
  C:/Ruby186/lib/ruby/1.8/webrick/httpserver.rb:104:in `service'
  C:/Ruby186/lib/ruby/1.8/webrick/httpserver.rb:65:in `run'
  C:/Ruby186/lib/ruby/1.8/webrick/server.rb:173:in `start_thread'
  C:/Ruby186/lib/ruby/1.8/webrick/server.rb:162:in `start'
  C:/Ruby186/lib/ruby/1.8/webrick/server.rb:162:in `start_thread'
  C:/Ruby186/lib/ruby/1.8/webrick/server.rb:95:in `start'
  C:/Ruby186/lib/ruby/1.8/webrick/server.rb:92:in `each'
  C:/Ruby186/lib/ruby/1.8/webrick/server.rb:92:in `start'
  C:/Ruby186/lib/ruby/1.8/webrick/server.rb:23:in `start'
  C:/Ruby186/lib/ruby/1.8/webrick/server.rb:82:in `start'

Rendering rescues/layout (not_found)
  [4;36;1mSQL (0.0ms)[0m   [0;1mSET NAMES 'utf8'[0m
  [4;35;1mSQL (0.0ms)[0m   [0mSET SQL_AUTO_IS_NULL=0[0m


Processing ApplicationController#index (for 127.0.0.1 at 2011-10-09 13:09:29) [GET]

ActionController::RoutingError (No route matches "/ealameda/profile" with {:method=>:get}):
  C:/Ruby186/lib/ruby/1.8/webrick/httpserver.rb:104:in `service'
  C:/Ruby186/lib/ruby/1.8/webrick/httpserver.rb:65:in `run'
  C:/Ruby186/lib/ruby/1.8/webrick/server.rb:173:in `start_thread'
  C:/Ruby186/lib/ruby/1.8/webrick/server.rb:162:in `start'
  C:/Ruby186/lib/ruby/1.8/webrick/server.rb:162:in `start_thread'
  C:/Ruby186/lib/ruby/1.8/webrick/server.rb:95:in `start'
  C:/Ruby186/lib/ruby/1.8/webrick/server.rb:92:in `each'
  C:/Ruby186/lib/ruby/1.8/webrick/server.rb:92:in `start'
  C:/Ruby186/lib/ruby/1.8/webrick/server.rb:23:in `start'
  C:/Ruby186/lib/ruby/1.8/webrick/server.rb:82:in `start'

Rendering rescues/layout (not_found)
  [4;36;1mSQL (0.0ms)[0m   [0;1mSET NAMES 'utf8'[0m
  [4;35;1mSQL (0.0ms)[0m   [0mSET SQL_AUTO_IS_NULL=0[0m


Processing ApplicationController#index (for 127.0.0.1 at 2011-10-09 13:09:43) [GET]

ActionController::RoutingError (No route matches "/admin/profile" with {:method=>:get}):
  C:/Ruby186/lib/ruby/1.8/webrick/httpserver.rb:104:in `service'
  C:/Ruby186/lib/ruby/1.8/webrick/httpserver.rb:65:in `run'
  C:/Ruby186/lib/ruby/1.8/webrick/server.rb:173:in `start_thread'
  C:/Ruby186/lib/ruby/1.8/webrick/server.rb:162:in `start'
  C:/Ruby186/lib/ruby/1.8/webrick/server.rb:162:in `start_thread'
  C:/Ruby186/lib/ruby/1.8/webrick/server.rb:95:in `start'
  C:/Ruby186/lib/ruby/1.8/webrick/server.rb:92:in `each'
  C:/Ruby186/lib/ruby/1.8/webrick/server.rb:92:in `start'
  C:/Ruby186/lib/ruby/1.8/webrick/server.rb:23:in `start'
  C:/Ruby186/lib/ruby/1.8/webrick/server.rb:82:in `start'

Rendering rescues/layout (not_found)
  [4;36;1mSQL (0.0ms)[0m   [0;1mSET NAMES 'utf8'[0m
  [4;35;1mSQL (0.0ms)[0m   [0mSET SQL_AUTO_IS_NULL=0[0m


Processing ApplicationController#index (for 127.0.0.1 at 2011-10-09 13:09:52) [GET]

ActionController::RoutingError (No route matches "/admin/profile" with {:method=>:get}):
  C:/Ruby186/lib/ruby/1.8/webrick/httpserver.rb:104:in `service'
  C:/Ruby186/lib/ruby/1.8/webrick/httpserver.rb:65:in `run'
  C:/Ruby186/lib/ruby/1.8/webrick/server.rb:173:in `start_thread'
  C:/Ruby186/lib/ruby/1.8/webrick/server.rb:162:in `start'
  C:/Ruby186/lib/ruby/1.8/webrick/server.rb:162:in `start_thread'
  C:/Ruby186/lib/ruby/1.8/webrick/server.rb:95:in `start'
  C:/Ruby186/lib/ruby/1.8/webrick/server.rb:92:in `each'
  C:/Ruby186/lib/ruby/1.8/webrick/server.rb:92:in `start'
  C:/Ruby186/lib/ruby/1.8/webrick/server.rb:23:in `start'
  C:/Ruby186/lib/ruby/1.8/webrick/server.rb:82:in `start'

Rendering rescues/layout (not_found)
  [4;36;1mSQL (0.0ms)[0m   [0;1mSET NAMES 'utf8'[0m
  [4;35;1mSQL (0.0ms)[0m   [0mSET SQL_AUTO_IS_NULL=0[0m
  [4;36;1mSQL (187.5ms)[0m   [0;1mSHOW TABLES[0m
  [4;35;1mSQL (15.6ms)[0m   [0mSELECT version FROM schema_migrations[0m
Migrating to CreateUsers (20111003202250)
Migrating to CreateAvatars (20111006124844)
Migrating to CreateDetails (20111007105837)
Migrating to CreatePosts (20111009102147)
  [4;36;1mSQL (93.8ms)[0m   [0;1mCREATE TABLE `posts` (`id` int(11) DEFAULT NULL auto_increment PRIMARY KEY, `user_id` int(11), `headline` varchar(255), `body` text, `created_at` datetime, `updated_at` datetime) ENGINE=InnoDB[0m
  [4;35;1mSQL (31.2ms)[0m   [0mINSERT INTO schema_migrations (version) VALUES ('20111009102147')[0m
  [4;36;1mSQL (15.6ms)[0m   [0;1mSHOW TABLES[0m
  [4;35;1mSQL (0.0ms)[0m   [0mSELECT version FROM schema_migrations[0m
  [4;36;1mSQL (0.0ms)[0m   [0;1mSHOW TABLES[0m
  [4;35;1mSQL (15.6ms)[0m   [0mSHOW FIELDS FROM `avatars`[0m
  [4;36;1mSQL (15.6ms)[0m   [0;1mdescribe `avatars`[0m
  [4;35;1mSQL (0.0ms)[0m   [0mSHOW KEYS FROM `avatars`[0m
  [4;36;1mSQL (15.6ms)[0m   [0;1mSHOW FIELDS FROM `details`[0m
  [4;35;1mSQL (15.6ms)[0m   [0mdescribe `details`[0m
  [4;36;1mSQL (0.0ms)[0m   [0;1mSHOW KEYS FROM `details`[0m
  [4;35;1mSQL (0.0ms)[0m   [0mSHOW FIELDS FROM `posts`[0m
  [4;36;1mSQL (15.6ms)[0m   [0;1mdescribe `posts`[0m
  [4;35;1mSQL (0.0ms)[0m   [0mSHOW KEYS FROM `posts`[0m
  [4;36;1mSQL (15.6ms)[0m   [0;1mSHOW FIELDS FROM `users`[0m
  [4;35;1mSQL (15.6ms)[0m   [0mdescribe `users`[0m
  [4;36;1mSQL (0.0ms)[0m   [0;1mSHOW KEYS FROM `users`[0m
  [4;36;1mSQL (0.0ms)[0m   [0;1mSET NAMES 'utf8'[0m
  [4;35;1mSQL (0.0ms)[0m   [0mSET SQL_AUTO_IS_NULL=0[0m
  [4;36;1mSQL (109.4ms)[0m   [0;1mSHOW TABLES[0m
  [4;35;1mSQL (0.0ms)[0m   [0mSELECT version FROM schema_migrations[0m
Migrating to CreateUsers (20111003202250)
Migrating to CreateAvatars (20111006124844)
Migrating to CreateDetails (20111007105837)
Migrating to CreatePosts (20111009102147)
Migrating to CreateGalleries (20111009114616)
  [4;36;1mSQL (62.5ms)[0m   [0;1mCREATE TABLE `galleries` (`id` int(11) DEFAULT NULL auto_increment PRIMARY KEY, `user_id` int(11), `name` varchar(255), `description` text, `created_at` datetime, `photos_count` int(11), `privacy` varchar(255), `updated_at` datetime) ENGINE=InnoDB[0m
  [4;35;1mSQL (31.2ms)[0m   [0mINSERT INTO schema_migrations (version) VALUES ('20111009114616')[0m
  [4;36;1mSQL (0.0ms)[0m   [0;1mSHOW TABLES[0m
  [4;35;1mSQL (0.0ms)[0m   [0mSELECT version FROM schema_migrations[0m
  [4;36;1mSQL (0.0ms)[0m   [0;1mSHOW TABLES[0m
  [4;35;1mSQL (31.2ms)[0m   [0mSHOW FIELDS FROM `avatars`[0m
  [4;36;1mSQL (0.0ms)[0m   [0;1mdescribe `avatars`[0m
  [4;35;1mSQL (0.0ms)[0m   [0mSHOW KEYS FROM `avatars`[0m
  [4;36;1mSQL (15.6ms)[0m   [0;1mSHOW FIELDS FROM `details`[0m
  [4;35;1mSQL (0.0ms)[0m   [0mdescribe `details`[0m
  [4;36;1mSQL (0.0ms)[0m   [0;1mSHOW KEYS FROM `details`[0m
  [4;35;1mSQL (0.0ms)[0m   [0mSHOW FIELDS FROM `galleries`[0m
  [4;36;1mSQL (15.6ms)[0m   [0;1mdescribe `galleries`[0m
  [4;35;1mSQL (0.0ms)[0m   [0mSHOW KEYS FROM `galleries`[0m
  [4;36;1mSQL (0.0ms)[0m   [0;1mSHOW FIELDS FROM `posts`[0m
  [4;35;1mSQL (0.0ms)[0m   [0mdescribe `posts`[0m
  [4;36;1mSQL (15.6ms)[0m   [0;1mSHOW KEYS FROM `posts`[0m
  [4;35;1mSQL (0.0ms)[0m   [0mSHOW FIELDS FROM `users`[0m
  [4;36;1mSQL (0.0ms)[0m   [0;1mdescribe `users`[0m
  [4;35;1mSQL (0.0ms)[0m   [0mSHOW KEYS FROM `users`[0m
  [4;36;1mSQL (0.0ms)[0m   [0;1mSET NAMES 'utf8'[0m
  [4;35;1mSQL (0.0ms)[0m   [0mSET SQL_AUTO_IS_NULL=0[0m
  [4;36;1mSQL (125.0ms)[0m   [0;1mSHOW TABLES[0m
  [4;35;1mSQL (0.0ms)[0m   [0mSELECT version FROM schema_migrations[0m
Migrating to CreateUsers (20111003202250)
Migrating to CreateAvatars (20111006124844)
Migrating to CreateDetails (20111007105837)
Migrating to CreatePosts (20111009102147)
Migrating to CreateGalleries (20111009114616)
Migrating to CreatePhotos (20111009144947)
  [4;36;1mSQL (93.8ms)[0m   [0;1mCREATE TABLE `photos` (`id` int(11) DEFAULT NULL auto_increment PRIMARY KEY, `user_id` int(11), `gallery_id` int(11), `parent_id` int(11), `content_type` varchar(255), `filename` varchar(255), `thumbnail` varchar(255), `size` int(11), `width` int(11), `height` int(11), `created_at` datetime, `updated_at` datetime) ENGINE=InnoDB[0m
  [4;35;1mSQL (15.6ms)[0m   [0mINSERT INTO schema_migrations (version) VALUES ('20111009144947')[0m
  [4;36;1mSQL (0.0ms)[0m   [0;1mSHOW TABLES[0m
  [4;35;1mSQL (0.0ms)[0m   [0mSELECT version FROM schema_migrations[0m
  [4;36;1mSQL (0.0ms)[0m   [0;1mSHOW TABLES[0m
  [4;35;1mSQL (31.2ms)[0m   [0mSHOW FIELDS FROM `avatars`[0m
  [4;36;1mSQL (0.0ms)[0m   [0;1mdescribe `avatars`[0m
  [4;35;1mSQL (0.0ms)[0m   [0mSHOW KEYS FROM `avatars`[0m
  [4;36;1mSQL (0.0ms)[0m   [0;1mSHOW FIELDS FROM `details`[0m
  [4;35;1mSQL (15.6ms)[0m   [0mdescribe `details`[0m
  [4;36;1mSQL (0.0ms)[0m   [0;1mSHOW KEYS FROM `details`[0m
  [4;35;1mSQL (0.0ms)[0m   [0mSHOW FIELDS FROM `galleries`[0m
  [4;36;1mSQL (0.0ms)[0m   [0;1mdescribe `galleries`[0m
  [4;35;1mSQL (15.6ms)[0m   [0mSHOW KEYS FROM `galleries`[0m
  [4;36;1mSQL (0.0ms)[0m   [0;1mSHOW FIELDS FROM `photos`[0m
  [4;35;1mSQL (0.0ms)[0m   [0mdescribe `photos`[0m
  [4;36;1mSQL (0.0ms)[0m   [0;1mSHOW KEYS FROM `photos`[0m
  [4;35;1mSQL (0.0ms)[0m   [0mSHOW FIELDS FROM `posts`[0m
  [4;36;1mSQL (0.0ms)[0m   [0;1mdescribe `posts`[0m
  [4;35;1mSQL (0.0ms)[0m   [0mSHOW KEYS FROM `posts`[0m
  [4;36;1mSQL (0.0ms)[0m   [0;1mSHOW FIELDS FROM `users`[0m
  [4;35;1mSQL (15.6ms)[0m   [0mdescribe `users`[0m
  [4;36;1mSQL (0.0ms)[0m   [0;1mSHOW KEYS FROM `users`[0m
  [4;36;1mSQL (15.6ms)[0m   [0;1mSET NAMES 'utf8'[0m
  [4;35;1mSQL (0.0ms)[0m   [0mSET SQL_AUTO_IS_NULL=0[0m
  [4;36;1mSQL (421.9ms)[0m   [0;1mSHOW TABLES[0m
  [4;35;1mSQL (15.6ms)[0m   [0mSELECT version FROM schema_migrations[0m
Migrating to CreateUsers (20111003202250)
Migrating to CreateAvatars (20111006124844)
Migrating to CreateDetails (20111007105837)
Migrating to CreatePosts (20111009102147)
Migrating to CreateGalleries (20111009114616)
Migrating to CreatePhotos (20111009144947)
Migrating to AddComments (20111009165430)
  [4;36;1mSQL (0.0ms)[0m   [0;1mSET NAMES 'utf8'[0m
  [4;35;1mSQL (0.0ms)[0m   [0mSET SQL_AUTO_IS_NULL=0[0m
  [4;36;1mSQL (0.0ms)[0m   [0;1mSHOW TABLES[0m
  [4;35;1mSQL (0.0ms)[0m   [0mSELECT version FROM schema_migrations[0m
Migrating to CreateUsers (20111003202250)
Migrating to CreateAvatars (20111006124844)
Migrating to CreateDetails (20111007105837)
Migrating to CreatePosts (20111009102147)
Migrating to CreateGalleries (20111009114616)
Migrating to CreatePhotos (20111009144947)
Migrating to AddComments (20111009165430)
  [4;36;1mSQL (0.0ms)[0m   [0;1mSET NAMES 'utf8'[0m
  [4;35;1mSQL (0.0ms)[0m   [0mSET SQL_AUTO_IS_NULL=0[0m
  [4;36;1mSQL (0.0ms)[0m   [0;1mSHOW TABLES[0m
  [4;35;1mSQL (0.0ms)[0m   [0mSELECT version FROM schema_migrations[0m
Migrating to CreateUsers (20111003202250)
Migrating to CreateAvatars (20111006124844)
Migrating to CreateDetails (20111007105837)
Migrating to CreatePosts (20111009102147)
Migrating to CreateGalleries (20111009114616)
Migrating to CreatePhotos (20111009144947)
Migrating to AddComments (20111009165430)
  [4;36;1mSQL (0.0ms)[0m   [0;1mSET NAMES 'utf8'[0m
  [4;35;1mSQL (0.0ms)[0m   [0mSET SQL_AUTO_IS_NULL=0[0m
  [4;36;1mSQL (0.0ms)[0m   [0;1mSHOW TABLES[0m
  [4;35;1mSQL (0.0ms)[0m   [0mSELECT version FROM schema_migrations[0m
Migrating to CreateUsers (20111003202250)
Migrating to CreateAvatars (20111006124844)
Migrating to CreateDetails (20111007105837)
Migrating to CreatePosts (20111009102147)
Migrating to CreateGalleries (20111009114616)
Migrating to CreatePhotos (20111009144947)
Migrating to AddComments (20111009165430)
  [4;36;1mSQL (0.0ms)[0m   [0;1mSHOW TABLES[0m
  [4;35;1mSQL (125.0ms)[0m   [0mCREATE TABLE `comments` (`id` int(11) DEFAULT NULL auto_increment PRIMARY KEY, `title` varchar(50) DEFAULT '', `comment` varchar(255) DEFAULT '', `created_at` datetime NOT NULL, `commentable_id` int(11) DEFAULT 0 NOT NULL, `commentable_type` varchar(15) DEFAULT '' NOT NULL, `user_id` int(11) DEFAULT 0 NOT NULL) ENGINE=InnoDB[0m
  [4;36;1mSQL (421.9ms)[0m   [0;1mCREATE INDEX `fk_comments_user` ON `comments` (`user_id`)[0m
  [4;35;1mSQL (46.9ms)[0m   [0mINSERT INTO schema_migrations (version) VALUES ('20111009165430')[0m
  [4;36;1mSQL (0.0ms)[0m   [0;1mSHOW TABLES[0m
  [4;35;1mSQL (0.0ms)[0m   [0mSELECT version FROM schema_migrations[0m
  [4;36;1mSQL (0.0ms)[0m   [0;1mSHOW TABLES[0m
  [4;35;1mSQL (62.5ms)[0m   [0mSHOW FIELDS FROM `avatars`[0m
  [4;36;1mSQL (15.6ms)[0m   [0;1mdescribe `avatars`[0m
  [4;35;1mSQL (0.0ms)[0m   [0mSHOW KEYS FROM `avatars`[0m
  [4;36;1mSQL (0.0ms)[0m   [0;1mSHOW FIELDS FROM `comments`[0m
  [4;35;1mSQL (0.0ms)[0m   [0mdescribe `comments`[0m
  [4;36;1mSQL (15.6ms)[0m   [0;1mSHOW KEYS FROM `comments`[0m
  [4;35;1mSQL (0.0ms)[0m   [0mSHOW FIELDS FROM `details`[0m
  [4;36;1mSQL (0.0ms)[0m   [0;1mdescribe `details`[0m
  [4;35;1mSQL (0.0ms)[0m   [0mSHOW KEYS FROM `details`[0m
  [4;36;1mSQL (15.6ms)[0m   [0;1mSHOW FIELDS FROM `galleries`[0m
  [4;35;1mSQL (0.0ms)[0m   [0mdescribe `galleries`[0m
  [4;36;1mSQL (0.0ms)[0m   [0;1mSHOW KEYS FROM `galleries`[0m
  [4;35;1mSQL (0.0ms)[0m   [0mSHOW FIELDS FROM `photos`[0m
  [4;36;1mSQL (0.0ms)[0m   [0;1mdescribe `photos`[0m
  [4;35;1mSQL (0.0ms)[0m   [0mSHOW KEYS FROM `photos`[0m
  [4;36;1mSQL (0.0ms)[0m   [0;1mSHOW FIELDS FROM `posts`[0m
  [4;35;1mSQL (15.6ms)[0m   [0mdescribe `posts`[0m
  [4;36;1mSQL (0.0ms)[0m   [0;1mSHOW KEYS FROM `posts`[0m
  [4;35;1mSQL (15.6ms)[0m   [0mSHOW FIELDS FROM `users`[0m
  [4;36;1mSQL (0.0ms)[0m   [0;1mdescribe `users`[0m
  [4;35;1mSQL (0.0ms)[0m   [0mSHOW KEYS FROM `users`[0m
